LISTING FOR LOGIC DESCRIPTION FILE: system_ctrl_gen.pld              Page 1

CUPL(WM): Universal Compiler for Programmable Logic
Version 5.0a Serial# MW-10400000
Copyright (c) 1983, 1998 Logical Devices, Inc.
Created Mon Jul 06 09:58:47 2026

  1:Name system_ctrl;
  2:PartNo 00;
  3:Date 07/06/2026;
  4:Revision 01;
  5:Designer Plover;
  6:Company Plover;
  7:Assembly None;
  8:Location None;
  9:Device f1504ispplcc44;
 10:
 11:PROPERTY ATMEL {POWER_RESET = OFF};
 12:PROPERTY ATMEL {PIN_KEEP = ON};
 13:PROPERTY ATMEL {PREASSIGN = KEEP};
 14:
 15:/* ATF1504AS-10JU44 PLCC-44 JTAG ISP - pins 7/13/32/38 reserved */
 16:
 17:PIN 43 = clk;
 18:
 19:PIN  4 = opc0;
 20:PIN  5 = opc1;
 21:PIN  6 = opc2;
 22:PIN  8 = opc3;
 23:PIN  9 = opc4;
 24:PIN 11 = d_in0;
 25:PIN 12 = d_in1;
 26:PIN 14 = d_in2;
 27:PIN 16 = d_in3;
 28:PIN 17 = d_in4;
 29:PIN 18 = d_in5;
 30:PIN 19 = d_in6;
 31:PIN 20 = d_in7;
 32:PIN 24 = flg_z;
 33:PIN 25 = flg_c;
 34:
 35:/* Outputs unpinned - fitter assigns PLCC pads; export system_ctrl.pin after fit */
 36:
 37:/* Buried state */
 38:Pinnode [0..0] = [ph0,ph1];
 39:Pinnode [0..0] = [r00,r01,r02,r03,r04,r05,r06,r07];
 40:Pinnode [0..0] = [r10,r11,r12,r13,r14,r15,r16,r17];
 41:Pinnode [0..0] = [r20,r21,r22,r23,r24,r25,r26,r27];
 42:Pinnode [0..0] = [gpr_d0,gpr_d1,gpr_d2,gpr_d3,gpr_d4,gpr_d5,gpr_d6,gpr_d7];
 43:Pinnode [0..0] = [w_sel0,w_sel1,macro_end,flg_we];
 44:
 45:FIELD opcode = [opc4, opc3, opc2, opc1, opc0];
 46:
 47:ph0.d = !macro_end & !ph0;
 48:ph1.d = !macro_end & (ph1 # ph0);
 49:ph0.ck = clk;
 50:ph1.ck = clk;
 51:
 52:end_ph1 = opcode : 'b'00001 # opcode : 'b'01101;
 53:end_ph0 = opcode : 'b'00010 # opcode : 'b'00011 # opcode : 'b'00100

LISTING FOR LOGIC DESCRIPTION FILE: system_ctrl_gen.pld              Page 2

CUPL(WM): Universal Compiler for Programmable Logic
Version 5.0a Serial# MW-10400000
Copyright (c) 1983, 1998 Logical Devices, Inc.
Created Mon Jul 06 09:58:47 2026

 54:        # opcode : 'b'01000 # opcode : 'b'01001 # opcode : 'b'01111;
 55:
 56:macro_end = (ph1 & end_ph1 # !ph1 & !end_ph1) & (ph0 & end_ph0 # !ph0 & !end_ph0);
 57:
 58:/* GEN_CTRL_LUT_BEGIN */
 59:/* AUTO-GENERATED by gen_ctrl_lut.py - do not edit */
 60:/* Source: simulators/cyclesim/data/fsm_table.py */
 61:/* idx5 decode: explicit minterms (opc4..opc0, ph1, ph0) */
 62:
 63:reg_we_lut = !opc4 & !opc3 & !opc2 & !opc1 & opc0 & !ph1 & ph0 #
 64:    !opc4 & !opc3 & !opc2 & !opc1 & opc0 & ph1 & !ph0 #
 65:    !opc4 & !opc3 & !opc2 & opc1 & !opc0 & !ph1 & ph0 #
 66:    !opc4 & opc3 & !opc2 & !opc1 & !opc0 & !ph1 & ph0 #
 67:    !opc4 & opc3 & opc2 & !opc1 & opc0 & !ph1 & ph0;
 68:mem_rd = !opc4 & !opc3 & !opc2 & opc1 & !opc0 & !ph1 & !ph0 #
 69:    !opc4 & opc3 & !opc2 & !opc1 & !opc0 & !ph1 & !ph0;
 70:mem_wr = !opc4 & !opc3 & !opc2 & opc1 & opc0 & !ph1 & ph0 #
 71:    !opc4 & opc3 & !opc2 & !opc1 & opc0 & !ph1 & ph0 #
 72:    !opc4 & opc3 & opc2 & opc1 & opc0 & !ph1 & ph0;
 73:y_oe = !opc4 & !opc3 & !opc2 & !opc1 & opc0 & !ph1 & !ph0 #
 74:    !opc4 & !opc3 & !opc2 & !opc1 & opc0 & !ph1 & ph0 #
 75:    !opc4 & !opc3 & !opc2 & !opc1 & opc0 & ph1 & !ph0 #
 76:    !opc4 & !opc3 & !opc2 & opc1 & opc0 & !ph1 & !ph0 #
 77:    !opc4 & opc3 & !opc2 & !opc1 & opc0 & !ph1 & !ph0 #
 78:    !opc4 & opc3 & opc2 & !opc1 & opc0 & !ph1 & !ph0 #
 79:    !opc4 & opc3 & opc2 & !opc1 & opc0 & !ph1 & ph0 #
 80:    !opc4 & opc3 & opc2 & !opc1 & opc0 & ph1 & !ph0 #
 81:    !opc4 & opc3 & opc2 & opc1 & opc0 & !ph1 & !ph0;
 82:w_sel0_lut = !opc4 & !opc3 & !opc2 & !opc1 & opc0 & !ph1 & ph0 #
 83:    !opc4 & opc3 & opc2 & !opc1 & opc0 & !ph1 & ph0;
 84:w_sel1_lut = !opc4 & !opc3 & !opc2 & !opc1 & opc0 & ph1 & !ph0;
 85:cin = !opc4 & !opc3 & opc2 & !opc1 & !opc0 & !ph1 & !ph0 #
 86:    !opc4 & opc3 & opc2 & !opc1 & opc0 & !ph1 & !ph0 #
 87:    !opc4 & opc3 & opc2 & !opc1 & opc0 & !ph1 & ph0 #
 88:    !opc4 & opc3 & opc2 & !opc1 & opc0 & ph1 & !ph0;
 89:bctrl0 = !opc4 & !opc3 & opc2 & !opc1 & !opc0 & !ph1 & !ph0 #
 90:    !opc4 & opc3 & opc2 & !opc1 & opc0 & !ph1 & !ph0 #
 91:    !opc4 & opc3 & opc2 & !opc1 & opc0 & !ph1 & ph0 #
 92:    !opc4 & opc3 & opc2 & !opc1 & opc0 & ph1 & !ph0;
 93:bctrl2 = !opc4 & !opc3 & !opc2 & !opc1 & opc0 & !ph1 & !ph0 #
 94:    !opc4 & !opc3 & !opc2 & !opc1 & opc0 & !ph1 & ph0 #
 95:    !opc4 & !opc3 & !opc2 & !opc1 & opc0 & ph1 & !ph0;
 96:lgc0 = 'b'0;
 97:lgc1 = 'b'0;
 98:lgc2 = 'b'0;
 99:lgc3 = 'b'0;
100:s0 = 'b'0;
101:s1 = 'b'0;
102:lut_pc_load = !opc4 & !opc3 & opc2 & !opc1 & !opc0 & !ph1 & ph0 #
103:    !opc4 & !opc3 & opc2 & !opc1 & opc0 & !ph1 & !ph0;
104:lut_pc_flg_z = !opc4 & !opc3 & opc2 & !opc1 & !opc0 & !ph1 & ph0;
105:flg_we = !opc4 & !opc3 & !opc2 & !opc1 & opc0 & ph1 & !ph0 #
106:    !opc4 & opc3 & opc2 & !opc1 & opc0 & ph1 & !ph0;
107:/* GEN_CTRL_LUT_END */

LISTING FOR LOGIC DESCRIPTION FILE: system_ctrl_gen.pld              Page 3

CUPL(WM): Universal Compiler for Programmable Logic
Version 5.0a Serial# MW-10400000
Copyright (c) 1983, 1998 Logical Devices, Inc.
Created Mon Jul 06 09:58:47 2026

108:
109:tfr_valid = opcode : 'b'10001 # opcode : 'b'10010 # opcode : 'b'10100
110:          # opcode : 'b'10110 # opcode : 'b'11000 # opcode : 'b'11001;
111:
112:/* 3-way src mux: opc[1:0] -> R0/R1/R2 read (used only when tfr_valid) */
113:xfer_b0 = !opc1 & !opc0 & r00 # !opc1 &  opc0 & r10 #  opc1 & !opc0 & r20;
114:xfer_b1 = !opc1 & !opc0 & r01 # !opc1 &  opc0 & r11 #  opc1 & !opc0 & r21;
115:xfer_b2 = !opc1 & !opc0 & r02 # !opc1 &  opc0 & r12 #  opc1 & !opc0 & r22;
116:xfer_b3 = !opc1 & !opc0 & r03 # !opc1 &  opc0 & r13 #  opc1 & !opc0 & r23;
117:xfer_b4 = !opc1 & !opc0 & r04 # !opc1 &  opc0 & r14 #  opc1 & !opc0 & r24;
118:xfer_b5 = !opc1 & !opc0 & r05 # !opc1 &  opc0 & r15 #  opc1 & !opc0 & r25;
119:xfer_b6 = !opc1 & !opc0 & r06 # !opc1 &  opc0 & r16 #  opc1 & !opc0 & r26;
120:xfer_b7 = !opc1 & !opc0 & r07 # !opc1 &  opc0 & r17 #  opc1 & !opc0 & r27;
121:
122:reg_we = reg_we_lut # tfr_valid;
123:
124:w_sel0 = tfr_valid & opc2 # !tfr_valid & w_sel0_lut;
125:w_sel1 = tfr_valid & opc3 # !tfr_valid & w_sel1_lut;
126:
127:bctrl1 = bctrl0;
128:bctrl3 = bctrl2;
129:
130:we_r0 = reg_we & !w_sel1 & !w_sel0;
131:we_r1 = reg_we & !w_sel1 &  w_sel0;
132:we_r2 = reg_we &  w_sel1 & !w_sel0;
133:
134:r00.d = gpr_d0; r01.d = gpr_d1; r02.d = gpr_d2; r03.d = gpr_d3;
135:r04.d = gpr_d4; r05.d = gpr_d5; r06.d = gpr_d6; r07.d = gpr_d7;
136:r10.d = gpr_d0; r11.d = gpr_d1; r12.d = gpr_d2; r13.d = gpr_d3;
137:r14.d = gpr_d4; r15.d = gpr_d5; r16.d = gpr_d6; r17.d = gpr_d7;
138:r20.d = gpr_d0; r21.d = gpr_d1; r22.d = gpr_d2; r23.d = gpr_d3;
139:r24.d = gpr_d4; r25.d = gpr_d5; r26.d = gpr_d6; r27.d = gpr_d7;
140:
141:[r00,r01,r02,r03,r04,r05,r06,r07].ck = clk;
142:[r10,r11,r12,r13,r14,r15,r16,r17].ck = clk;
143:[r20,r21,r22,r23,r24,r25,r26,r27].ck = clk;
144:
145:r00.ce = we_r0; r01.ce = we_r0; r02.ce = we_r0; r03.ce = we_r0;
146:r04.ce = we_r0; r05.ce = we_r0; r06.ce = we_r0; r07.ce = we_r0;
147:r10.ce = we_r1; r11.ce = we_r1; r12.ce = we_r1; r13.ce = we_r1;
148:r14.ce = we_r1; r15.ce = we_r1; r16.ce = we_r1; r17.ce = we_r1;
149:r20.ce = we_r2; r21.ce = we_r2; r22.ce = we_r2; r23.ce = we_r2;
150:r24.ce = we_r2; r25.ce = we_r2; r26.ce = we_r2; r27.ce = we_r2;
151:
152:q_a0 = r00; q_a1 = r01; q_a2 = r02; q_a3 = r03;
153:q_a4 = r04; q_a5 = r05; q_a6 = r06; q_a7 = r07;
154:q_b0 = r10; q_b1 = r11; q_b2 = r12; q_b3 = r13;
155:q_b4 = r14; q_b5 = r15; q_b6 = r16; q_b7 = r17;
156:
157:gpr_d0 = tfr_valid & xfer_b0 # !tfr_valid & d_in0;
158:gpr_d1 = tfr_valid & xfer_b1 # !tfr_valid & d_in1;
159:gpr_d2 = tfr_valid & xfer_b2 # !tfr_valid & d_in2;
160:gpr_d3 = tfr_valid & xfer_b3 # !tfr_valid & d_in3;
161:gpr_d4 = tfr_valid & xfer_b4 # !tfr_valid & d_in4;

LISTING FOR LOGIC DESCRIPTION FILE: system_ctrl_gen.pld              Page 4

CUPL(WM): Universal Compiler for Programmable Logic
Version 5.0a Serial# MW-10400000
Copyright (c) 1983, 1998 Logical Devices, Inc.
Created Mon Jul 06 09:58:47 2026

162:gpr_d5 = tfr_valid & xfer_b5 # !tfr_valid & d_in5;
163:gpr_d6 = tfr_valid & xfer_b6 # !tfr_valid & d_in6;
164:gpr_d7 = tfr_valid & xfer_b7 # !tfr_valid & d_in7;
165:
166:pc_load_en = macro_end & lut_pc_load & (!lut_pc_flg_z # flg_z);
167:
168:



